Arguments: 
  /Users/nowports/.nvm/versions/node/v11.15.0/bin/node /usr/local/Cellar/yarn/1.16.0/libexec/bin/yarn.js

PATH: 
  /Users/nowports/.nvm/versions/node/v11.15.0/bin:/usr/local/bin:/usr/bin:/bin:/usr/sbin:/sbin:/usr/local/mysql/bin/

Yarn version: 
  1.16.0

Node version: 
  11.15.0

Platform: 
  darwin x64

Trace: 
  Error: https://registry.yarnpkg.com/body-pxarser: Not found
      at Request.params.callback [as _callback] (/usr/local/Cellar/yarn/1.16.0/libexec/lib/cli.js:66091:18)
      at Request.self.callback (/usr/local/Cellar/yarn/1.16.0/libexec/lib/cli.js:129590:22)
      at Request.emit (events.js:193:13)
      at Request.<anonymous> (/usr/local/Cellar/yarn/1.16.0/libexec/lib/cli.js:130562:10)
      at Request.emit (events.js:193:13)
      at IncomingMessage.<anonymous> (/usr/local/Cellar/yarn/1.16.0/libexec/lib/cli.js:130484:12)
      at Object.onceWrapper (events.js:281:20)
      at IncomingMessage.emit (events.js:198:15)
      at endReadableNT (_stream_readable.js:1139:12)
      at processTicksAndRejections (internal/process/task_queues.js:81:17)

npm manifest: 
  {
    "name": "mongodb-example",
    "version": "1.0.0",
    "description": "",
    "main": "app.js",
    "scripts": {
      "start": "nodemon app/bin/www",
      "test": "echo \"Error: no test specified\" && exit 1"
    },
    "keywords": [],
    "author": "",
    "license": "ISC",
    "dependencies": {
      "body-pxarser": "^1.19.0",
      "cors": "^2.8.5",
      "express": "^4.17.1",
      "mongoose": "^5.5.14",
      "morgan": "^1.9.1"
    }
  }

yarn manifest: 
  No manifest

Lockfile: 
  No lockfile
